CRITICAL - 2021-12-07 21:19:38 --> Call to undefined method App\Models\Siswa_model::getSiswa
#0 C:\xampp\htdocs\Tugas_2-UAS-1915016123-ZulfikarRM_UNMUL\app\Controllers\Siswa.php(11): CodeIgniter\Model->__call('getSiswa', Array)
#1 C:\xampp\htdocs\Tugas_2-UAS-1915016123-ZulfikarRM_UNMUL\system\CodeIgniter.php(824): App\Controllers\Siswa->index()
#2 C:\xampp\htdocs\Tugas_2-UAS-1915016123-ZulfikarRM_UNMUL\system\CodeIgniter.php(410): CodeIgniter\CodeIgniter->runController(Object(App\Controllers\Siswa))
#3 C:\xampp\htdocs\Tugas_2-UAS-1915016123-ZulfikarRM_UNMUL\system\CodeIgniter.php(318): CodeIgniter\CodeIgniter->handleRequest(NULL, Object(Config\Cache), false)
#4 C:\xampp\htdocs\Tugas_2-UAS-1915016123-ZulfikarRM_UNMUL\public\index.php(37): CodeIgniter\CodeIgniter->run()
#5 C:\xampp\htdocs\Tugas_2-UAS-1915016123-ZulfikarRM_UNMUL\system\Commands\Server\rewrite.php(43): require_once('C:\\xampp\\htdocs...')
#6 {main}
CRITICAL - 2021-12-07 21:21:22 --> Call to undefined method App\Models\Siswa_model::getSiswa
#0 C:\xampp\htdocs\Tugas_2-UAS-1915016123-ZulfikarRM_UNMUL\app\Controllers\Siswa.php(11): CodeIgniter\Model->__call('getSiswa', Array)
#1 C:\xampp\htdocs\Tugas_2-UAS-1915016123-ZulfikarRM_UNMUL\system\CodeIgniter.php(824): App\Controllers\Siswa->index()
#2 C:\xampp\htdocs\Tugas_2-UAS-1915016123-ZulfikarRM_UNMUL\system\CodeIgniter.php(410): CodeIgniter\CodeIgniter->runController(Object(App\Controllers\Siswa))
#3 C:\xampp\htdocs\Tugas_2-UAS-1915016123-ZulfikarRM_UNMUL\system\CodeIgniter.php(318): CodeIgniter\CodeIgniter->handleRequest(NULL, Object(Config\Cache), false)
#4 C:\xampp\htdocs\Tugas_2-UAS-1915016123-ZulfikarRM_UNMUL\public\index.php(37): CodeIgniter\CodeIgniter->run()
#5 C:\xampp\htdocs\Tugas_2-UAS-1915016123-ZulfikarRM_UNMUL\system\Commands\Server\rewrite.php(43): require_once('C:\\xampp\\htdocs...')
#6 {main}
CRITICAL - 2021-12-07 21:21:46 --> Call to undefined method App\Models\Siswa_model::getsiswa
#0 C:\xampp\htdocs\Tugas_2-UAS-1915016123-ZulfikarRM_UNMUL\app\Controllers\Siswa.php(11): CodeIgniter\Model->__call('getsiswa', Array)
#1 C:\xampp\htdocs\Tugas_2-UAS-1915016123-ZulfikarRM_UNMUL\system\CodeIgniter.php(824): App\Controllers\Siswa->index()
#2 C:\xampp\htdocs\Tugas_2-UAS-1915016123-ZulfikarRM_UNMUL\system\CodeIgniter.php(410): CodeIgniter\CodeIgniter->runController(Object(App\Controllers\Siswa))
#3 C:\xampp\htdocs\Tugas_2-UAS-1915016123-ZulfikarRM_UNMUL\system\CodeIgniter.php(318): CodeIgniter\CodeIgniter->handleRequest(NULL, Object(Config\Cache), false)
#4 C:\xampp\htdocs\Tugas_2-UAS-1915016123-ZulfikarRM_UNMUL\public\index.php(37): CodeIgniter\CodeIgniter->run()
#5 C:\xampp\htdocs\Tugas_2-UAS-1915016123-ZulfikarRM_UNMUL\system\Commands\Server\rewrite.php(43): require_once('C:\\xampp\\htdocs...')
#6 {main}
CRITICAL - 2021-12-07 21:22:39 --> Call to undefined method App\Models\Siswa_model::getcalon_siswa
#0 C:\xampp\htdocs\Tugas_2-UAS-1915016123-ZulfikarRM_UNMUL\app\Controllers\Siswa.php(11): CodeIgniter\Model->__call('getcalon_siswa', Array)
#1 C:\xampp\htdocs\Tugas_2-UAS-1915016123-ZulfikarRM_UNMUL\system\CodeIgniter.php(824): App\Controllers\Siswa->index()
#2 C:\xampp\htdocs\Tugas_2-UAS-1915016123-ZulfikarRM_UNMUL\system\CodeIgniter.php(410): CodeIgniter\CodeIgniter->runController(Object(App\Controllers\Siswa))
#3 C:\xampp\htdocs\Tugas_2-UAS-1915016123-ZulfikarRM_UNMUL\system\CodeIgniter.php(318): CodeIgniter\CodeIgniter->handleRequest(NULL, Object(Config\Cache), false)
#4 C:\xampp\htdocs\Tugas_2-UAS-1915016123-ZulfikarRM_UNMUL\public\index.php(37): CodeIgniter\CodeIgniter->run()
#5 C:\xampp\htdocs\Tugas_2-UAS-1915016123-ZulfikarRM_UNMUL\system\Commands\Server\rewrite.php(43): require_once('C:\\xampp\\htdocs...')
#6 {main}
CRITICAL - 2021-12-07 21:47:31 --> Call to undefined method App\Models\Siswa_model::getSiswa
#0 C:\xampp\htdocs\Tugas_2-UAS-1915016123-ZulfikarRM_UNMUL\app\Controllers\Siswa.php(11): CodeIgniter\Model->__call('getSiswa', Array)
#1 C:\xampp\htdocs\Tugas_2-UAS-1915016123-ZulfikarRM_UNMUL\system\CodeIgniter.php(824): App\Controllers\Siswa->index()
#2 C:\xampp\htdocs\Tugas_2-UAS-1915016123-ZulfikarRM_UNMUL\system\CodeIgniter.php(410): CodeIgniter\CodeIgniter->runController(Object(App\Controllers\Siswa))
#3 C:\xampp\htdocs\Tugas_2-UAS-1915016123-ZulfikarRM_UNMUL\system\CodeIgniter.php(318): CodeIgniter\CodeIgniter->handleRequest(NULL, Object(Config\Cache), false)
#4 C:\xampp\htdocs\Tugas_2-UAS-1915016123-ZulfikarRM_UNMUL\public\index.php(37): CodeIgniter\CodeIgniter->run()
#5 C:\xampp\htdocs\Tugas_2-UAS-1915016123-ZulfikarRM_UNMUL\system\Commands\Server\rewrite.php(43): require_once('C:\\xampp\\htdocs...')
#6 {main}
CRITICAL - 2021-12-07 21:53:56 --> Undefined array key "product_id"
#0 C:\xampp\htdocs\Tugas_2-UAS-1915016123-ZulfikarRM_UNMUL\app\Views\siswa_view.php(29): CodeIgniter\Debug\Exceptions->errorHandler(2, 'Undefined array...', 'C:\\xampp\\htdocs...', 29)
#1 C:\xampp\htdocs\Tugas_2-UAS-1915016123-ZulfikarRM_UNMUL\system\View\View.php(214): include('C:\\xampp\\htdocs...')
#2 C:\xampp\htdocs\Tugas_2-UAS-1915016123-ZulfikarRM_UNMUL\system\View\View.php(217): CodeIgniter\View\View->CodeIgniter\View\{closure}()
#3 C:\xampp\htdocs\Tugas_2-UAS-1915016123-ZulfikarRM_UNMUL\system\Common.php(1097): CodeIgniter\View\View->render('siswa_view', Array, true)
#4 C:\xampp\htdocs\Tugas_2-UAS-1915016123-ZulfikarRM_UNMUL\app\Controllers\Siswa.php(12): view('siswa_view', Array)
#5 C:\xampp\htdocs\Tugas_2-UAS-1915016123-ZulfikarRM_UNMUL\system\CodeIgniter.php(824): App\Controllers\Siswa->index()
#6 C:\xampp\htdocs\Tugas_2-UAS-1915016123-ZulfikarRM_UNMUL\system\CodeIgniter.php(410): CodeIgniter\CodeIgniter->runController(Object(App\Controllers\Siswa))
#7 C:\xampp\htdocs\Tugas_2-UAS-1915016123-ZulfikarRM_UNMUL\system\CodeIgniter.php(318): CodeIgniter\CodeIgniter->handleRequest(NULL, Object(Config\Cache), false)
#8 C:\xampp\htdocs\Tugas_2-UAS-1915016123-ZulfikarRM_UNMUL\public\index.php(37): CodeIgniter\CodeIgniter->run()
#9 C:\xampp\htdocs\Tugas_2-UAS-1915016123-ZulfikarRM_UNMUL\system\Commands\Server\rewrite.php(43): require_once('C:\\xampp\\htdocs...')
#10 {main}
CRITICAL - 2021-12-07 22:02:39 --> Invalid file: edit_siswa_view.php
#0 C:\xampp\htdocs\Tugas_2-UAS-1915016123-ZulfikarRM_UNMUL\system\View\View.php(198): CodeIgniter\Exceptions\FrameworkException::forInvalidFile('edit_siswa_view...')
#1 C:\xampp\htdocs\Tugas_2-UAS-1915016123-ZulfikarRM_UNMUL\system\Common.php(1097): CodeIgniter\View\View->render('edit_siswa_view', Array, true)
#2 C:\xampp\htdocs\Tugas_2-UAS-1915016123-ZulfikarRM_UNMUL\app\Controllers\Siswa.php(38): view('edit_siswa_view', Array)
#3 C:\xampp\htdocs\Tugas_2-UAS-1915016123-ZulfikarRM_UNMUL\system\CodeIgniter.php(824): App\Controllers\Siswa->edit('3')
#4 C:\xampp\htdocs\Tugas_2-UAS-1915016123-ZulfikarRM_UNMUL\system\CodeIgniter.php(410): CodeIgniter\CodeIgniter->runController(Object(App\Controllers\Siswa))
#5 C:\xampp\htdocs\Tugas_2-UAS-1915016123-ZulfikarRM_UNMUL\system\CodeIgniter.php(318): CodeIgniter\CodeIgniter->handleRequest(NULL, Object(Config\Cache), false)
#6 C:\xampp\htdocs\Tugas_2-UAS-1915016123-ZulfikarRM_UNMUL\public\index.php(37): CodeIgniter\CodeIgniter->run()
#7 C:\xampp\htdocs\Tugas_2-UAS-1915016123-ZulfikarRM_UNMUL\system\Commands\Server\rewrite.php(43): require_once('C:\\xampp\\htdocs...')
#8 {main}
CRITICAL - 2021-12-07 22:17:55 --> Undefined variable $row
#0 C:\xampp\htdocs\Tugas_2-UAS-1915016123-ZulfikarRM_UNMUL\app\Views\add_siswa_view.php(11): CodeIgniter\Debug\Exceptions->errorHandler(2, 'Undefined varia...', 'C:\\xampp\\htdocs...', 11)
#1 C:\xampp\htdocs\Tugas_2-UAS-1915016123-ZulfikarRM_UNMUL\system\View\View.php(214): include('C:\\xampp\\htdocs...')
#2 C:\xampp\htdocs\Tugas_2-UAS-1915016123-ZulfikarRM_UNMUL\system\View\View.php(217): CodeIgniter\View\View->CodeIgniter\View\{closure}()
#3 C:\xampp\htdocs\Tugas_2-UAS-1915016123-ZulfikarRM_UNMUL\system\Common.php(1097): CodeIgniter\View\View->render('add_siswa_view', Array, true)
#4 C:\xampp\htdocs\Tugas_2-UAS-1915016123-ZulfikarRM_UNMUL\app\Controllers\Siswa.php(38): view('add_siswa_view', Array)
#5 C:\xampp\htdocs\Tugas_2-UAS-1915016123-ZulfikarRM_UNMUL\system\CodeIgniter.php(824): App\Controllers\Siswa->edit('3')
#6 C:\xampp\htdocs\Tugas_2-UAS-1915016123-ZulfikarRM_UNMUL\system\CodeIgniter.php(410): CodeIgniter\CodeIgniter->runController(Object(App\Controllers\Siswa))
#7 C:\xampp\htdocs\Tugas_2-UAS-1915016123-ZulfikarRM_UNMUL\system\CodeIgniter.php(318): CodeIgniter\CodeIgniter->handleRequest(NULL, Object(Config\Cache), false)
#8 C:\xampp\htdocs\Tugas_2-UAS-1915016123-ZulfikarRM_UNMUL\public\index.php(37): CodeIgniter\CodeIgniter->run()
#9 C:\xampp\htdocs\Tugas_2-UAS-1915016123-ZulfikarRM_UNMUL\system\Commands\Server\rewrite.php(43): require_once('C:\\xampp\\htdocs...')
#10 {main}
